<?xml version="1.0" encoding="UTF-8"?>
<!-- Generated by org.testng.reporters.JUnitXMLReporter -->
<testsuite ignored="0" hostname="DESKTOP-H290O4K" failures="1" tests="1" name="chromeTest" time="8.452" errors="0" timestamp="2024-05-24T18:10:17 IST">
  <testcase classname="testCases.TC004_WF4_Send_SMS_OOF_S" name="test_Send_SMS_OOF_S_Test" time="2.209">
    <failure type="java.io.FileNotFoundException" message=".\testData\SMS\WF4_Send_SMS_OOF_S_Test.xlsx (The process cannot access the file because it is being used by another process)">
      <![CDATA[java.io.FileNotFoundException: .\testData\SMS\WF4_Send_SMS_OOF_S_Test.xlsx (The process cannot access the file because it is being used by another process)
at java.base/java.io.FileOutputStream.open0(Native Method)
at java.base/java.io.FileOutputStream.open(FileOutputStream.java:293)
at java.base/java.io.FileOutputStream.<init>(FileOutputStream.java:235)
at java.base/java.io.FileOutputStream.<init>(FileOutputStream.java:123)
at utilities.ExcelUtility.setCellData(ExcelUtility.java:102)
at testCases.TC004_WF4_Send_SMS_OOF_S.test_Send_SMS_OOF_S_Test(TC004_WF4_Send_SMS_OOF_S.java:57)
at java.base/java.util.ArrayList.forEach(ArrayList.java:1511)
... Removed 27 stack frames]]>
    </failure>
  </testcase> <!-- test_Send_SMS_OOF_S_Test -->
</testsuite> <!-- chromeTest -->
