<?xml version="1.0" encoding="UTF-8"?>
<!-- Generated by org.testng.reporters.JUnitXMLReporter -->
<testsuite ignored="76" hostname="DESKTOP-T7IEB3S" failures="1" tests="39" name="chromeTest-AllSet" time="7235.818" errors="0" timestamp="2025-01-03T18:54:54 IST">
  <testcase classname="testCases.WebForms.TC001_WF_RRUserY_NoCondition" name="testWebFormUser" time="129.951"/>
  <testcase classname="testCases.WebForms.TC002_WF_RRUserYN_NoCondition" name="testWFUserAvailYesorNo" time="105.843"/>
  <testcase classname="testCases.WebForms.TC003_WF_RRUserN_NoCondition" name="testWebFormUser" time="208.514"/>
  <testcase classname="testCases.WebForms.TC004_WF_RRUserY_OneConditionY" name="testWebFormUser" time="200.785"/>
  <testcase classname="testCases.WebForms.TC005_WF_RRUserYN_OneConditionYN" name="testWebFormUser" time="189.136"/>
  <testcase classname="testCases.WebForms.TC006_WF_RRUserN_OneConditionY" name="testWebFormUser" time="122.713"/>
  <testcase classname="testCases.WebForms.TC007_WF_RRUserY_OneConditionN" name="testWebFormUser" time="169.462"/>
  <testcase classname="testCases.WebForms.TC008_WF_RRUserY_OneConditionYN" name="testWebFormUser" time="216.964"/>
  <testcase classname="testCases.WebForms.TC009_WF_RRUserN_OneConditionYN" name="testWebFormUser" time="246.47"/>
  <testcase classname="testCases.WebForms.TC010_WF_RRUserYN_OneConditionY" name="testWebFormUser" time="133.146"/>
  <testcase classname="testCases.WebForms.TC011_WF_RRUserN_OneConditionN" name="testWebFormUser" time="203.256"/>
  <testcase classname="testCases.WebForms.TC012_WF_RRUserYN_OneConditionN" name="testWebFormUser" time="234.307"/>
  <testcase classname="testCases.WebForms.TC013_WF_RRN_OneN_TwoN" name="testWebFormUser" time="330.287"/>
  <testcase classname="testCases.WebForms.TC014_WF_RRN_OneN_TwoYN" name="testWebFormUser" time="246.621"/>
  <testcase classname="testCases.WebForms.TC015_WF_RRN_OneN_TwoY" name="testWebFormUser" time="137.325">
    <failure type="org.openqa.selenium.NoSuchElementException" message="no such element: Unable to locate element: {&amp;quot;method&amp;quot;:&amp;quot;xpath&amp;quot;,&amp;quot;selector&amp;quot;:&amp;quot;//a[@class=&amp;apos;dropdown-toggle nav-link dropdown-user-link&amp;apos;]&amp;quot;}
  (Session info: chrome=131.0.6778.205)
For documentation on this error, please visit: https://www.selenium.dev/documentation/webdriver/troubleshooting/errors#no-such-element-exception
Build info: version: &amp;apos;4.21.0&amp;apos;, revision: &amp;apos;79ed462ef4&amp;apos;
System info: os.name: &amp;apos;Windows 10&amp;apos;, os.arch: &amp;apos;amd64&amp;apos;, os.version: &amp;apos;10.0&amp;apos;, java.version: &amp;apos;17.0.9&amp;apos;
Driver info: org.openqa.selenium.chrome.ChromeDriver
Command: [ce3e53d24545a333d886c1d0a562c259, findElement {using=xpath, value=//a[@class=&amp;apos;dropdown-toggle nav-link dropdown-user-link&amp;apos;]}]
Capabilities {acceptInsecureCerts: false, browserName: chrome, browserVersion: 131.0.6778.205, chrome: {chromedriverVersion: 131.0.6778.204 (52183f9e99a..., userDataDir: C:\Users\Rsoft\AppData\Loca...}, fedcm:accounts: true, goog:chromeOptions: {debuggerAddress: localhost:55151}, networkConnectionEnabled: false, pageLoadStrategy: normal, platformName: windows, proxy: Proxy(), se:cdp: ws://localhost:55151/devtoo..., se:cdpVersion: 131.0.6778.205, setWindowRect: true, strictFileInteractability: false, timeouts: {implicit: 0, pageLoad: 300000, script: 30000}, unhandledPromptBehavior: dismiss and notify, webauthn:extension:credBlob: true, webauthn:extension:largeBlob: true, webauthn:extension:minPinLength: true, webauthn:extension:prf: true, webauthn:virtualAuthenticators: true}
Session ID: ce3e53d24545a333d886c1d0a562c259">
      <![CDATA[org.openqa.selenium.NoSuchElementException: no such element: Unable to locate element: {"method":"xpath","selector":"//a[@class='dropdown-toggle nav-link dropdown-user-link']"}
  (Session info: chrome=131.0.6778.205)
For documentation on this error, please visit: https://www.selenium.dev/documentation/webdriver/troubleshooting/errors#no-such-element-exception
Build info: version: '4.21.0', revision: '79ed462ef4'
System info: os.name: 'Windows 10', os.arch: 'amd64', os.version: '10.0', java.version: '17.0.9'
Driver info: org.openqa.selenium.chrome.ChromeDriver
Command: [ce3e53d24545a333d886c1d0a562c259, findElement {using=xpath, value=//a[@class='dropdown-toggle nav-link dropdown-user-link']}]
Capabilities {acceptInsecureCerts: false, browserName: chrome, browserVersion: 131.0.6778.205, chrome: {chromedriverVersion: 131.0.6778.204 (52183f9e99a..., userDataDir: C:\Users\Rsoft\AppData\Loca...}, fedcm:accounts: true, goog:chromeOptions: {debuggerAddress: localhost:55151}, networkConnectionEnabled: false, pageLoadStrategy: normal, platformName: windows, proxy: Proxy(), se:cdp: ws://localhost:55151/devtoo..., se:cdpVersion: 131.0.6778.205, setWindowRect: true, strictFileInteractability: false, timeouts: {implicit: 0, pageLoad: 300000, script: 30000}, unhandledPromptBehavior: dismiss and notify, webauthn:extension:credBlob: true, webauthn:extension:largeBlob: true, webauthn:extension:minPinLength: true, webauthn:extension:prf: true, webauthn:virtualAuthenticators: true}
Session ID: ce3e53d24545a333d886c1d0a562c259
at org.openqa.selenium.remote.ErrorCodec.decode(ErrorCodec.java:167)
at org.openqa.selenium.remote.codec.w3c.W3CHttpResponseCodec.decode(W3CHttpResponseCodec.java:138)
at org.openqa.selenium.remote.codec.w3c.W3CHttpResponseCodec.decode(W3CHttpResponseCodec.java:50)
at org.openqa.selenium.remote.HttpCommandExecutor.execute(HttpCommandExecutor.java:190)
at org.openqa.selenium.remote.service.DriverCommandExecutor.invokeExecute(DriverCommandExecutor.java:216)
at org.openqa.selenium.remote.service.DriverCommandExecutor.execute(DriverCommandExecutor.java:174)
at org.openqa.selenium.remote.RemoteWebDriver.execute(RemoteWebDriver.java:518)
at org.openqa.selenium.remote.ElementLocation$ElementFinder$2.findElement(ElementLocation.java:165)
at org.openqa.selenium.remote.ElementLocation.findElement(ElementLocation.java:59)
at org.openqa.selenium.remote.RemoteWebDriver.findElement(RemoteWebDriver.java:355)
at org.openqa.selenium.remote.RemoteWebDriver.findElement(RemoteWebDriver.java:349)
at pageObjects.HomePage.clickAvatar(HomePage.java:36)
at utilities.CRMReUsables.fNavigatetoUserMgmt(CRMReUsables.java:705)
at testCases.WebForms.TC015_WF_RRN_OneN_TwoY.testWebFormUser(TC015_WF_RRN_OneN_TwoY.java:357)
at java.base/java.util.ArrayList.forEach(ArrayList.java:1511)
at java.base/java.util.concurrent.FutureTask.run(FutureTask.java:264)
at java.base/java.util.concurrent.ThreadPoolExecutor.runWorker(ThreadPoolExecutor.java:1136)
at java.base/java.util.concurrent.ThreadPoolExecutor$Worker.run(ThreadPoolExecutor.java:635)
at java.base/java.lang.Thread.run(Thread.java:842)
... Removed 22 stack frames]]>
    </failure>
  </testcase> <!-- testWebFormUser -->
  <testcase classname="testCases.WebForms.TC016_WF_RRN_OneY_TwoN" name="testWebFormUser" time="261.619"/>
  <testcase classname="testCases.WebForms.TC017_WF_RRN_OneY_TwoYN" name="testWebFormUser" time="213.814"/>
  <testcase classname="testCases.WebForms.TC018_WF_RRN_OneY_TwoY" name="testWebFormUser" time="206.22"/>
  <testcase classname="testCases.WebForms.TC019_WF_RRN_OneYN_TwoN" name="testWebFormUser" time="171.8"/>
  <testcase classname="testCases.WebForms.TC020_WF_RRN_OneYN_TwoYN" name="testWebFormUser" time="211.69"/>
  <testcase classname="testCases.WebForms.TC021_WF_RRN_OneYN_TwoY" name="testWebFormUser" time="140.043"/>
  <testcase classname="testCases.WebForms.TC022_WF_RRY_OneN_TwoN" name="testWebFormUser" time="89.517"/>
  <testcase classname="testCases.WebForms.TC023_WF_RRY_OneN_TwoYN" name="testWebFormUser" time="308.965"/>
  <testcase classname="testCases.WebForms.TC024_WF_RRY_OneN_TwoY" name="testWebFormUser" time="201.09"/>
  <testcase classname="testCases.WebForms.TC025_WF_RRY_OneY_TwoN" name="testWebFormUser" time="136.982"/>
  <testcase classname="testCases.WebForms.TC026_WF_RRY_OneY_TwoYN" name="testWebFormUser" time="137.812"/>
  <testcase classname="testCases.WebForms.TC027_WF_RRY_OneY_TwoY" name="testWebFormUser" time="149.404"/>
  <testcase classname="testCases.WebForms.TC028_WF_RRY_OneYN_TwoN" name="testWebFormUser" time="150.08"/>
  <testcase classname="testCases.WebForms.TC029_WF_RRY_OneYN_TwoYN" name="testWebFormUser" time="140.38"/>
  <testcase classname="testCases.WebForms.TC030_WF_RRY_OneYN_TwoY" name="testWebFormUser" time="135.769"/>
  <testcase classname="testCases.WebForms.TC031_WF_RRYN_OneN_TwoN" name="testWebFormUser" time="197.066"/>
  <testcase classname="testCases.WebForms.TC032_WF_RRYN_OneN_TwoYN" name="testWebFormUser" time="147.29"/>
  <testcase classname="testCases.WebForms.TC033_WF_RRYN_OneN_TwoY" name="testWebFormUser" time="140.916"/>
  <testcase classname="testCases.WebForms.TC034_WF_RRYN_OneY_TwoN" name="testWebFormUser" time="198.994"/>
  <testcase classname="testCases.WebForms.TC035_WF_RRYN_OneY_TwoYN" name="testWebFormUser" time="207.099"/>
  <testcase classname="testCases.WebForms.TC036_WF_RRYN_OneY_TwoY" name="testWebFormUser" time="142.549"/>
  <testcase classname="testCases.WebForms.TC037_WF_RRYN_OneYN_TwoN" name="testWebFormUser" time="200.651"/>
  <testcase classname="testCases.WebForms.TC038_WF_RRYN_OneYN_TwoYN" name="testWebFormUser" time="171.919"/>
  <testcase classname="testCases.WebForms.TC039_WF_RRYN_OneYN_TwoY" name="testWebFormUser" time="196.056"/>
  <testcase classname="utilities.ExtentReportManager" name="@AfterSuite flush" time="0.0">
    <ignored/>
  </testcase> <!-- @AfterSuite flush -->
  <testcase classname="utilities.ExtentReportManager" name="@AfterSuite flush" time="0.0">
    <ignored/>
  </testcase> <!-- @AfterSuite flush -->
  <testcase classname="utilities.ExtentReportManager" name="@BeforeSuite onStart" time="0.0">
    <ignored/>
  </testcase> <!-- @BeforeSuite onStart -->
  <testcase classname="utilities.ExtentReportManager" name="@AfterSuite flush" time="0.0">
    <ignored/>
  </testcase> <!-- @AfterSuite flush -->
  <testcase classname="utilities.ExtentReportManager" name="@BeforeSuite onStart" time="0.0">
    <ignored/>
  </testcase> <!-- @BeforeSuite onStart -->
  <testcase classname="utilities.ExtentReportManager" name="@BeforeSuite onStart" time="0.0">
    <ignored/>
  </testcase> <!-- @BeforeSuite onStart -->
  <testcase classname="utilities.ExtentReportManager" name="@BeforeSuite onStart" time="0.0">
    <ignored/>
  </testcase> <!-- @BeforeSuite onStart -->
  <testcase classname="utilities.ExtentReportManager" name="@AfterSuite flush" time="0.0">
    <ignored/>
  </testcase> <!-- @AfterSuite flush -->
  <testcase classname="utilities.ExtentReportManager" name="@BeforeSuite onStart" time="0.0">
    <ignored/>
  </testcase> <!-- @BeforeSuite onStart -->
  <testcase classname="utilities.ExtentReportManager" name="@AfterSuite flush" time="0.0">
    <ignored/>
  </testcase> <!-- @AfterSuite flush -->
  <testcase classname="utilities.ExtentReportManager" name="@AfterSuite flush" time="0.0">
    <ignored/>
  </testcase> <!-- @AfterSuite flush -->
  <testcase classname="utilities.ExtentReportManager" name="@BeforeSuite onStart" time="0.0">
    <ignored/>
  </testcase> <!-- @BeforeSuite onStart -->
  <testcase classname="utilities.ExtentReportManager" name="@BeforeSuite onStart" time="0.0">
    <ignored/>
  </testcase> <!-- @BeforeSuite onStart -->
  <testcase classname="utilities.ExtentReportManager" name="@BeforeSuite onStart" time="0.0">
    <ignored/>
  </testcase> <!-- @BeforeSuite onStart -->
  <testcase classname="utilities.ExtentReportManager" name="@AfterSuite flush" time="0.0">
    <ignored/>
  </testcase> <!-- @AfterSuite flush -->
  <testcase classname="utilities.ExtentReportManager" name="@BeforeSuite onStart" time="0.0">
    <ignored/>
  </testcase> <!-- @BeforeSuite onStart -->
  <testcase classname="utilities.ExtentReportManager" name="@AfterSuite flush" time="0.0">
    <ignored/>
  </testcase> <!-- @AfterSuite flush -->
  <testcase classname="utilities.ExtentReportManager" name="@AfterSuite flush" time="0.0">
    <ignored/>
  </testcase> <!-- @AfterSuite flush -->
  <testcase classname="utilities.ExtentReportManager" name="@AfterSuite flush" time="0.0">
    <ignored/>
  </testcase> <!-- @AfterSuite flush -->
  <testcase classname="utilities.ExtentReportManager" name="@AfterSuite flush" time="0.0">
    <ignored/>
  </testcase> <!-- @AfterSuite flush -->
  <testcase classname="utilities.ExtentReportManager" name="@BeforeSuite onStart" time="0.0">
    <ignored/>
  </testcase> <!-- @BeforeSuite onStart -->
  <testcase classname="utilities.ExtentReportManager" name="@BeforeSuite onStart" time="0.0">
    <ignored/>
  </testcase> <!-- @BeforeSuite onStart -->
  <testcase classname="utilities.ExtentReportManager" name="@BeforeSuite onStart" time="0.0">
    <ignored/>
  </testcase> <!-- @BeforeSuite onStart -->
  <testcase classname="utilities.ExtentReportManager" name="@AfterSuite flush" time="0.0">
    <ignored/>
  </testcase> <!-- @AfterSuite flush -->
  <testcase classname="utilities.ExtentReportManager" name="@AfterSuite flush" time="0.0">
    <ignored/>
  </testcase> <!-- @AfterSuite flush -->
  <testcase classname="utilities.ExtentReportManager" name="@AfterSuite flush" time="0.0">
    <ignored/>
  </testcase> <!-- @AfterSuite flush -->
  <testcase classname="utilities.ExtentReportManager" name="@AfterSuite flush" time="0.0">
    <ignored/>
  </testcase> <!-- @AfterSuite flush -->
  <testcase classname="utilities.ExtentReportManager" name="@BeforeSuite onStart" time="0.0">
    <ignored/>
  </testcase> <!-- @BeforeSuite onStart -->
  <testcase classname="utilities.ExtentReportManager" name="@BeforeSuite onStart" time="0.0">
    <ignored/>
  </testcase> <!-- @BeforeSuite onStart -->
  <testcase classname="utilities.ExtentReportManager" name="@BeforeSuite onStart" time="0.0">
    <ignored/>
  </testcase> <!-- @BeforeSuite onStart -->
  <testcase classname="utilities.ExtentReportManager" name="@BeforeSuite onStart" time="0.0">
    <ignored/>
  </testcase> <!-- @BeforeSuite onStart -->
  <testcase classname="utilities.ExtentReportManager" name="@BeforeSuite onStart" time="0.0">
    <ignored/>
  </testcase> <!-- @BeforeSuite onStart -->
  <testcase classname="utilities.ExtentReportManager" name="@AfterSuite flush" time="0.0">
    <ignored/>
  </testcase> <!-- @AfterSuite flush -->
  <testcase classname="utilities.ExtentReportManager" name="@BeforeSuite onStart" time="0.0">
    <ignored/>
  </testcase> <!-- @BeforeSuite onStart -->
  <testcase classname="utilities.ExtentReportManager" name="@BeforeSuite onStart" time="0.0">
    <ignored/>
  </testcase> <!-- @BeforeSuite onStart -->
  <testcase classname="utilities.ExtentReportManager" name="@AfterSuite flush" time="0.0">
    <ignored/>
  </testcase> <!-- @AfterSuite flush -->
  <testcase classname="utilities.ExtentReportManager" name="@AfterSuite flush" time="0.0">
    <ignored/>
  </testcase> <!-- @AfterSuite flush -->
  <testcase classname="utilities.ExtentReportManager" name="@BeforeSuite onStart" time="0.0">
    <ignored/>
  </testcase> <!-- @BeforeSuite onStart -->
  <testcase classname="utilities.ExtentReportManager" name="@AfterSuite flush" time="0.0">
    <ignored/>
  </testcase> <!-- @AfterSuite flush -->
  <testcase classname="utilities.ExtentReportManager" name="@AfterSuite flush" time="0.0">
    <ignored/>
  </testcase> <!-- @AfterSuite flush -->
  <testcase classname="utilities.ExtentReportManager" name="@AfterSuite flush" time="0.0">
    <ignored/>
  </testcase> <!-- @AfterSuite flush -->
  <testcase classname="utilities.ExtentReportManager" name="@AfterSuite flush" time="0.0">
    <ignored/>
  </testcase> <!-- @AfterSuite flush -->
  <testcase classname="utilities.ExtentReportManager" name="@AfterSuite flush" time="0.0">
    <ignored/>
  </testcase> <!-- @AfterSuite flush -->
  <testcase classname="utilities.ExtentReportManager" name="@AfterSuite flush" time="0.0">
    <ignored/>
  </testcase> <!-- @AfterSuite flush -->
  <testcase classname="utilities.ExtentReportManager" name="@BeforeSuite onStart" time="0.0">
    <ignored/>
  </testcase> <!-- @BeforeSuite onStart -->
  <testcase classname="utilities.ExtentReportManager" name="@AfterSuite flush" time="0.0">
    <ignored/>
  </testcase> <!-- @AfterSuite flush -->
  <testcase classname="utilities.ExtentReportManager" name="@BeforeSuite onStart" time="0.0">
    <ignored/>
  </testcase> <!-- @BeforeSuite onStart -->
  <testcase classname="utilities.ExtentReportManager" name="@BeforeSuite onStart" time="0.0">
    <ignored/>
  </testcase> <!-- @BeforeSuite onStart -->
  <testcase classname="utilities.ExtentReportManager" name="@BeforeSuite onStart" time="0.0">
    <ignored/>
  </testcase> <!-- @BeforeSuite onStart -->
  <testcase classname="utilities.ExtentReportManager" name="@BeforeSuite onStart" time="0.0">
    <ignored/>
  </testcase> <!-- @BeforeSuite onStart -->
  <testcase classname="utilities.ExtentReportManager" name="@AfterSuite flush" time="0.0">
    <ignored/>
  </testcase> <!-- @AfterSuite flush -->
  <testcase classname="utilities.ExtentReportManager" name="@AfterSuite flush" time="0.0">
    <ignored/>
  </testcase> <!-- @AfterSuite flush -->
  <testcase classname="utilities.ExtentReportManager" name="@AfterSuite flush" time="0.0">
    <ignored/>
  </testcase> <!-- @AfterSuite flush -->
  <testcase classname="utilities.ExtentReportManager" name="@BeforeSuite onStart" time="0.0">
    <ignored/>
  </testcase> <!-- @BeforeSuite onStart -->
  <testcase classname="utilities.ExtentReportManager" name="@AfterSuite flush" time="0.0">
    <ignored/>
  </testcase> <!-- @AfterSuite flush -->
  <testcase classname="utilities.ExtentReportManager" name="@BeforeSuite onStart" time="0.0">
    <ignored/>
  </testcase> <!-- @BeforeSuite onStart -->
  <testcase classname="utilities.ExtentReportManager" name="@AfterSuite flush" time="0.0">
    <ignored/>
  </testcase> <!-- @AfterSuite flush -->
  <testcase classname="utilities.ExtentReportManager" name="@BeforeSuite onStart" time="0.0">
    <ignored/>
  </testcase> <!-- @BeforeSuite onStart -->
  <testcase classname="utilities.ExtentReportManager" name="@BeforeSuite onStart" time="0.0">
    <ignored/>
  </testcase> <!-- @BeforeSuite onStart -->
  <testcase classname="utilities.ExtentReportManager" name="@BeforeSuite onStart" time="0.0">
    <ignored/>
  </testcase> <!-- @BeforeSuite onStart -->
  <testcase classname="utilities.ExtentReportManager" name="@BeforeSuite onStart" time="0.0">
    <ignored/>
  </testcase> <!-- @BeforeSuite onStart -->
  <testcase classname="utilities.ExtentReportManager" name="@BeforeSuite onStart" time="0.0">
    <ignored/>
  </testcase> <!-- @BeforeSuite onStart -->
  <testcase classname="utilities.ExtentReportManager" name="@AfterSuite flush" time="0.0">
    <ignored/>
  </testcase> <!-- @AfterSuite flush -->
  <testcase classname="utilities.ExtentReportManager" name="@AfterSuite flush" time="0.0">
    <ignored/>
  </testcase> <!-- @AfterSuite flush -->
  <testcase classname="utilities.ExtentReportManager" name="@BeforeSuite onStart" time="0.0">
    <ignored/>
  </testcase> <!-- @BeforeSuite onStart -->
  <testcase classname="utilities.ExtentReportManager" name="@AfterSuite flush" time="0.0">
    <ignored/>
  </testcase> <!-- @AfterSuite flush -->
  <testcase classname="utilities.ExtentReportManager" name="@BeforeSuite onStart" time="0.0">
    <ignored/>
  </testcase> <!-- @BeforeSuite onStart -->
  <testcase classname="utilities.ExtentReportManager" name="@AfterSuite flush" time="0.0">
    <ignored/>
  </testcase> <!-- @AfterSuite flush -->
  <testcase classname="utilities.ExtentReportManager" name="@BeforeSuite onStart" time="0.0">
    <ignored/>
  </testcase> <!-- @BeforeSuite onStart -->
  <testcase classname="utilities.ExtentReportManager" name="@AfterSuite flush" time="0.0">
    <ignored/>
  </testcase> <!-- @AfterSuite flush -->
  <testcase classname="utilities.ExtentReportManager" name="@AfterSuite flush" time="0.0">
    <ignored/>
  </testcase> <!-- @AfterSuite flush -->
  <testcase classname="utilities.ExtentReportManager" name="@BeforeSuite onStart" time="0.0">
    <ignored/>
  </testcase> <!-- @BeforeSuite onStart -->
  <testcase classname="utilities.ExtentReportManager" name="@AfterSuite flush" time="0.0">
    <ignored/>
  </testcase> <!-- @AfterSuite flush -->
  <testcase classname="utilities.ExtentReportManager" name="@AfterSuite flush" time="0.0">
    <ignored/>
  </testcase> <!-- @AfterSuite flush -->
  <testcase classname="utilities.ExtentReportManager" name="@BeforeSuite onStart" time="0.0">
    <ignored/>
  </testcase> <!-- @BeforeSuite onStart -->
  <testcase classname="utilities.ExtentReportManager" name="@BeforeSuite onStart" time="0.0">
    <ignored/>
  </testcase> <!-- @BeforeSuite onStart -->
</testsuite> <!-- chromeTest-AllSet -->
