<?xml version="1.0" encoding="UTF-8"?>
<!-- Generated by org.testng.reporters.JUnitXMLReporter -->
<testsuite ignored="10" hostname="DESKTOP-T7IEB3S" failures="0" tests="6" name="chromeTest-Set1" time="2020.484" errors="0" timestamp="2024-07-08T12:29:25 IST">
  <testcase classname="testCases.WebForms.TC001_WF_RRUserY_NoCondition" name="testWebFormUser" time="254.885"/>
  <testcase classname="testCases.WebForms.TC002_WF_RRUserYN_NoCondition" name="testWFUserAvailYesorNo" time="358.633"/>
  <testcase classname="testCases.WebForms.TC003_WF_RRUserN_NoCondition" name="testWebFormUser" time="460.033"/>
  <testcase classname="testCases.WebForms.TC004_WF_RRUserY_OneConditionY" name="testWebFormUser" time="336.448"/>
  <testcase classname="testCases.WebForms.TC005_WF_RRUserYN_OneConditionYN" name="testWebFormUser" time="344.789"/>
  <testcase classname="testCases.WebForms.TC006_WF_RRUserN_OneConditionY" name="testWebFormUser" time="256.626"/>
  <testcase classname="utilities.ExtentReportManager" name="@AfterSuite flush" time="0.0">
    <ignored/>
  </testcase> <!-- @AfterSuite flush -->
  <testcase classname="utilities.ExtentReportManager" name="@BeforeSuite onStart" time="0.0">
    <ignored/>
  </testcase> <!-- @BeforeSuite onStart -->
  <testcase classname="utilities.ExtentReportManager" name="@BeforeSuite onStart" time="0.0">
    <ignored/>
  </testcase> <!-- @BeforeSuite onStart -->
  <testcase classname="utilities.ExtentReportManager" name="@AfterSuite flush" time="0.0">
    <ignored/>
  </testcase> <!-- @AfterSuite flush -->
  <testcase classname="utilities.ExtentReportManager" name="@AfterSuite flush" time="0.0">
    <ignored/>
  </testcase> <!-- @AfterSuite flush -->
  <testcase classname="utilities.ExtentReportManager" name="@AfterSuite flush" time="0.0">
    <ignored/>
  </testcase> <!-- @AfterSuite flush -->
  <testcase classname="utilities.ExtentReportManager" name="@BeforeSuite onStart" time="0.0">
    <ignored/>
  </testcase> <!-- @BeforeSuite onStart -->
  <testcase classname="utilities.ExtentReportManager" name="@AfterSuite flush" time="0.0">
    <ignored/>
  </testcase> <!-- @AfterSuite flush -->
  <testcase classname="utilities.ExtentReportManager" name="@BeforeSuite onStart" time="0.0">
    <ignored/>
  </testcase> <!-- @BeforeSuite onStart -->
  <testcase classname="utilities.ExtentReportManager" name="@BeforeSuite onStart" time="0.0">
    <ignored/>
  </testcase> <!-- @BeforeSuite onStart -->
</testsuite> <!-- chromeTest-Set1 -->
