<?xml version="1.0" encoding="UTF-8"?>
<testng-results ignored="0" total="1" passed="1" failed="0" skipped="0">
  <reporter-output>
  </reporter-output>
  <suite started-at="2024-05-21T17:54:54 IST" name="Suite" finished-at="2024-05-21T18:23:58 IST" duration-ms="1743473">
    <groups>
    </groups>
    <test started-at="2024-05-21T17:54:54 IST" name="chromeTest" finished-at="2024-05-21T18:23:58 IST" duration-ms="1743395">
      <class name="testCases.ExecuteTask.Notification.TC024_NT_ET_ETRS_MTAfterDays">
        <test-method is-config="true" signature="testName()[pri:0, instance:testCases.ExecuteTask.Notification.TC024_NT_ET_ETRS_MTAfterDays@ba2f4ec]" started-at="2024-05-21T17:54:54 IST" name="testName" finished-at="2024-05-21T17:54:54 IST" duration-ms="29" status="PASS">
          <reporter-output>
          </reporter-output>
        </test-method> <!-- testName -->
        <test-method is-config="true" signature="setup(java.lang.String)[pri:0, instance:testCases.ExecuteTask.Notification.TC024_NT_ET_ETRS_MTAfterDays@ba2f4ec]" started-at="2024-05-21T17:54:54 IST" name="setup" finished-at="2024-05-21T17:55:00 IST" duration-ms="6017" status="PASS">
          <params>
            <param index="0">
              <value>
                <![CDATA[chrome]]>
              </value>
            </param>
          </params>
          <reporter-output>
          </reporter-output>
        </test-method> <!-- setup -->
        <test-method signature="testExecuteTask_NT_MTAfterDays()[pri:0, instance:testCases.ExecuteTask.Notification.TC024_NT_ET_ETRS_MTAfterDays@ba2f4ec]" started-at="2024-05-21T17:55:00 IST" name="testExecuteTask_NT_MTAfterDays" finished-at="2024-05-21T18:23:58 IST" duration-ms="1737249" status="PASS">
          <reporter-output>
          </reporter-output>
        </test-method> <!-- testExecuteTask_NT_MTAfterDays -->
      </class> <!-- testCases.ExecuteTask.Notification.TC024_NT_ET_ETRS_MTAfterDays -->
    </test> <!-- chromeTest -->
    <test started-at="2024-05-21T18:23:58 IST" name="edgeTest" finished-at="2024-05-21T18:23:58 IST" duration-ms="0">
      <class name="testCases.ExecuteTask.Notification.TC024_NT_ET_ETRS_MTAfterDays">
        <test-method is-config="true" signature="onStart(org.testng.ITestContext)[pri:0, instance:testCases.ExecuteTask.Notification.TC024_NT_ET_ETRS_MTAfterDays@ba2f4ec]" started-at="2024-05-21T17:54:53 IST" name="onStart" finished-at="2024-05-21T17:54:54 IST" duration-ms="899" status="PASS">
          <params>
            <param index="0">
              <value>
                <![CDATA[org.testng.TestRunner@6242c07c]]>
              </value>
            </param>
          </params>
          <reporter-output>
          </reporter-output>
        </test-method> <!-- onStart -->
        <test-method is-config="true" signature="flush()[pri:0, instance:testCases.ExecuteTask.Notification.TC024_NT_ET_ETRS_MTAfterDays@ba2f4ec]" started-at="2024-05-21T18:23:58 IST" name="flush" finished-at="2024-05-21T18:23:58 IST" duration-ms="572" status="PASS">
          <reporter-output>
          </reporter-output>
        </test-method> <!-- flush -->
      </class> <!-- testCases.ExecuteTask.Notification.TC024_NT_ET_ETRS_MTAfterDays -->
    </test> <!-- edgeTest -->
  </suite> <!-- Suite -->
</testng-results>
