<?xml version="1.0" encoding="UTF-8"?>
<testng-results ignored="0" total="1" passed="1" failed="0" skipped="0">
  <reporter-output>
  </reporter-output>
  <suite started-at="2024-04-23T17:38:20 IST" name="Suite" finished-at="2024-04-23T18:08:34 IST" duration-ms="1814316">
    <groups>
    </groups>
    <test started-at="2024-04-23T17:38:20 IST" name="chromeTest" finished-at="2024-04-23T18:08:34 IST" duration-ms="1814294">
      <class name="testCases.TC002_WF2_Send_Notify_OOF_S">
        <test-method is-config="true" signature="testName()[pri:0, instance:testCases.TC002_WF2_Send_Notify_OOF_S@ba2f4ec]" started-at="2024-04-23T17:38:20 IST" name="testName" finished-at="2024-04-23T17:38:20 IST" duration-ms="5" status="PASS">
          <reporter-output>
          </reporter-output>
        </test-method> <!-- testName -->
        <test-method is-config="true" signature="setup(java.lang.String)[pri:0, instance:testCases.TC002_WF2_Send_Notify_OOF_S@ba2f4ec]" started-at="2024-04-23T17:38:20 IST" name="setup" finished-at="2024-04-23T17:38:22 IST" duration-ms="2374" status="PASS">
          <params>
            <param index="0">
              <value>
                <![CDATA[chrome]]>
              </value>
            </param>
          </params>
          <reporter-output>
          </reporter-output>
        </test-method> <!-- setup -->
        <test-method signature="testNotify_OOF_S()[pri:0, instance:testCases.TC002_WF2_Send_Notify_OOF_S@ba2f4ec]" started-at="2024-04-23T17:38:22 IST" name="testNotify_OOF_S" finished-at="2024-04-23T18:08:34 IST" duration-ms="1811879" status="PASS">
          <reporter-output>
          </reporter-output>
        </test-method> <!-- testNotify_OOF_S -->
      </class> <!-- testCases.TC002_WF2_Send_Notify_OOF_S -->
    </test> <!-- chromeTest -->
    <test started-at="2024-04-23T18:08:34 IST" name="edgeTest" finished-at="2024-04-23T18:08:34 IST" duration-ms="0">
      <class name="testCases.TC002_WF2_Send_Notify_OOF_S">
        <test-method is-config="true" signature="onStart(org.testng.ITestContext)[pri:0, instance:testCases.TC002_WF2_Send_Notify_OOF_S@ba2f4ec]" started-at="2024-04-23T17:38:19 IST" name="onStart" finished-at="2024-04-23T17:38:20 IST" duration-ms="253" status="PASS">
          <params>
            <param index="0">
              <value>
                <![CDATA[org.testng.TestRunner@5b2a3bc9]]>
              </value>
            </param>
          </params>
          <reporter-output>
          </reporter-output>
        </test-method> <!-- onStart -->
        <test-method is-config="true" signature="flush()[pri:0, instance:testCases.TC002_WF2_Send_Notify_OOF_S@ba2f4ec]" started-at="2024-04-23T18:08:34 IST" name="flush" finished-at="2024-04-23T18:08:34 IST" duration-ms="322" status="PASS">
          <reporter-output>
          </reporter-output>
        </test-method> <!-- flush -->
      </class> <!-- testCases.TC002_WF2_Send_Notify_OOF_S -->
    </test> <!-- edgeTest -->
  </suite> <!-- Suite -->
</testng-results>
